27/11/2020 00:10:02 conducting exp.
27/11/2020 00:14:08 conducting exp.
27/11/2020 00:14:16 conducting exp.
27/11/2020 00:14:36 conducting exp.
27/11/2020 00:14:56 conducting exp.
27/11/2020 00:15:56 conducting exp.
27/11/2020 00:16:50 conducting exp.
27/11/2020 00:35:02 conducting exp.
27/11/2020 00:35:02    linear svr result: 248.874136_13.735667
27/11/2020 00:35:03    rbf svr result: 350.245121_15.428309
27/11/2020 00:35:04    randomforest  result: 291.511308_14.417982
27/11/2020 00:35:10    neural network result: 223.564291_12.901249
27/11/2020 00:35:19    normal ae result: 175.324557_10.673021
27/11/2020 00:35:27    denoise ae result: 155.296191_9.758154
27/11/2020 00:36:35    denoise ae result: 155.296191_9.758154
27/11/2020 00:36:57 conducting exp.
27/11/2020 00:36:57    linear svr result: 248.874136_13.735667
27/11/2020 00:36:57    rbf svr result: 350.245121_15.428309
27/11/2020 00:36:58    randomforest  result: 291.511308_14.417982
27/11/2020 00:37:04    neural network result: 223.564291_12.901249
27/11/2020 00:37:12    normal ae result: 175.324557_10.673021
27/11/2020 00:37:20    denoise ae result: 155.296191_9.758154
27/11/2020 00:38:15    bi-lstm result: 200.776658_11.895362
27/11/2020 00:38:45    lstm result: 188.078131_10.889856
27/11/2020 00:39:05    cnn result: 261.038857_13.578955
27/11/2020 00:39:05 conducting exp.
27/11/2020 00:39:05    linear svr result: 248.874136_13.735667
27/11/2020 00:39:05    rbf svr result: 350.245121_15.428309
27/11/2020 00:39:06    randomforest  result: 280.064628_14.159282
27/11/2020 00:39:11    neural network result: 159.746728_10.270858
27/11/2020 00:39:19    normal ae result: 152.263767_9.840777
27/11/2020 00:39:19 conducting exp.
27/11/2020 00:39:19    linear svr result: 248.874136_13.735667
27/11/2020 00:39:19    rbf svr result: 350.245121_15.428309
27/11/2020 00:39:21    randomforest  result: 291.511308_14.417982
27/11/2020 00:39:28    neural network result: 223.564291_12.901249
27/11/2020 00:39:29    denoise ae result: 195.154119_11.316992
27/11/2020 00:40:33    bi-lstm result: 109.604242_8.511731
27/11/2020 00:41:09    lstm result: 221.240172_12.932433
27/11/2020 00:41:30    cnn result: 265.945683_13.550103
27/11/2020 00:41:30 conducting exp.
27/11/2020 00:41:30    linear svr result: 248.874136_13.735667
27/11/2020 00:41:31    rbf svr result: 350.245121_15.428309
27/11/2020 00:41:32    randomforest  result: 286.126942_14.299660
27/11/2020 00:41:37    neural network result: 151.993529_9.848159
27/11/2020 00:41:46    normal ae result: 138.376897_9.149608
27/11/2020 00:41:54    denoise ae result: 152.388314_9.554173
27/11/2020 00:42:54    bi-lstm result: 262.183584_14.054266
27/11/2020 00:43:26    lstm result: 276.045947_14.786039
27/11/2020 00:43:46    cnn result: 203.675270_11.164373
27/11/2020 00:43:46 conducting exp.
27/11/2020 00:43:46    linear svr result: 248.874136_13.735667
27/11/2020 00:43:46    rbf svr result: 350.245121_15.428309
27/11/2020 00:43:47    randomforest  result: 306.900762_14.754874
27/11/2020 00:43:52    neural network result: 142.980864_9.067423
27/11/2020 00:44:01    normal ae result: 162.060070_10.088094
27/11/2020 00:44:10    denoise ae result: 128.662185_8.510022
27/11/2020 00:45:07    bi-lstm result: 249.841604_14.031390
27/11/2020 00:45:45    lstm result: 197.159904_11.540538
27/11/2020 00:46:07    cnn result: 248.000809_12.739196
27/11/2020 00:46:07 conducting exp.
27/11/2020 00:46:07    linear svr result: 248.874136_13.735667
27/11/2020 00:46:07    rbf svr result: 350.245121_15.428309
27/11/2020 00:46:08    randomforest  result: 284.530452_14.284895
27/11/2020 00:46:15    neural network result: 166.222841_10.401875
27/11/2020 00:46:24    normal ae result: 152.066689_9.681566
27/11/2020 00:46:34    denoise ae result: 139.237270_9.022275
27/11/2020 00:48:03    bi-lstm result: 256.979934_14.407352
01/12/2020 22:01:55 conducting exp.
01/12/2020 22:02:04 conducting exp.
01/12/2020 22:02:57 conducting exp.
01/12/2020 22:04:42 conducting exp.
01/12/2020 22:05:16 conducting exp.
01/12/2020 22:07:58 conducting exp.
01/12/2020 22:08:37 conducting exp.
01/12/2020 22:18:08 conducting exp.
01/12/2020 22:30:45 conducting exp.
01/12/2020 22:31:29 conducting exp.
01/12/2020 22:31:32 conducting exp.
01/12/2020 22:31:38 conducting exp.
01/12/2020 22:31:57 conducting exp.
01/12/2020 22:37:36 conducting exp.
01/12/2020 22:41:43 conducting exp.
