20/01/2018 11:54:14 conducting exp. on dataset: c4
20/01/2018 11:54:15    linear svr result: 248.874136_13.735667
20/01/2018 11:54:15    rbf svr result: 402.926165_17.628641
20/01/2018 11:54:15    randomforest  result: 291.511308_14.417982
20/01/2018 11:54:20    neural network result: 197.289606_12.019949
20/01/2018 11:54:27    normal ae result: 216.024703_12.618906
20/01/2018 11:54:34    denoise ae result: 194.154928_11.228550
20/01/2018 11:56:25    bi-lstm result: 279.336432_13.782578
20/01/2018 11:57:27    lstm result: 161.837892_9.967751
20/01/2018 11:57:33    cnn result: 326.505862_15.152852
20/01/2018 11:57:33 conducting exp. on dataset: c4
20/01/2018 11:57:34    linear svr result: 248.874136_13.735667
20/01/2018 11:57:34    rbf svr result: 402.926165_17.628641
20/01/2018 11:57:35    randomforest  result: 283.960179_14.272803
20/01/2018 11:57:38    neural network result: 150.650620_9.717073
20/01/2018 11:57:46    normal ae result: 216.073525_12.252052
20/01/2018 11:57:55    denoise ae result: 245.899421_13.813132
20/01/2018 11:59:46    bi-lstm result: 121.607122_8.477734
20/01/2018 12:00:48    lstm result: 137.397886_9.143910
20/01/2018 12:00:53    cnn result: 147.226509_9.261602
20/01/2018 12:00:53 conducting exp. on dataset: c4
20/01/2018 12:00:54    linear svr result: 248.874136_13.735667
20/01/2018 12:00:54    rbf svr result: 402.926165_17.628641
20/01/2018 12:00:55    randomforest  result: 302.920501_14.497374
20/01/2018 12:00:59    neural network result: 257.258618_14.083927
20/01/2018 12:01:09    normal ae result: 160.502992_10.270409
20/01/2018 12:01:19    denoise ae result: 133.938455_8.301462
20/01/2018 12:03:09    bi-lstm result: 215.884183_12.045690
20/01/2018 12:04:11    lstm result: 171.157960_10.249602
20/01/2018 12:04:17    cnn result: 204.176622_12.258818
20/01/2018 12:04:17 conducting exp. on dataset: c4
20/01/2018 12:04:18    linear svr result: 248.874136_13.735667
20/01/2018 12:04:18    rbf svr result: 402.926165_17.628641
20/01/2018 12:04:19    randomforest  result: 287.887194_14.246548
20/01/2018 12:04:24    neural network result: 255.614913_14.087724
20/01/2018 12:04:35    normal ae result: 219.087906_13.020695
20/01/2018 12:04:47    denoise ae result: 151.491613_9.647900
20/01/2018 12:06:37    bi-lstm result: 150.871969_9.610677
20/01/2018 12:07:40    lstm result: 170.771461_10.448315
20/01/2018 12:07:47    cnn result: 289.977967_14.344813
20/01/2018 12:07:47 conducting exp. on dataset: c4
20/01/2018 12:07:48    linear svr result: 248.874136_13.735667
20/01/2018 12:07:48    rbf svr result: 402.926165_17.628641
20/01/2018 12:07:48    randomforest  result: 285.279082_14.201091
20/01/2018 12:07:54    neural network result: 148.725211_9.780334
20/01/2018 12:08:07    normal ae result: 202.123598_12.105731
20/01/2018 12:08:21    denoise ae result: 197.810902_11.724024
20/01/2018 12:10:26    bi-lstm result: 189.423636_11.163347
20/01/2018 12:11:39    lstm result: 162.598912_10.149771
20/01/2018 12:11:47    cnn result: 478.117412_16.298412
20/01/2018 15:52:42 conducting exp. on dataset: c4
20/01/2018 15:52:42    linear svr result: 248.874136_13.735667
20/01/2018 15:52:43    rbf svr result: 402.926165_17.628641
20/01/2018 15:52:43    randomforest  result: 291.511308_14.417982
20/01/2018 15:52:48    neural network result: 205.409509_12.185981
20/01/2018 15:52:55    normal ae result: 188.471502_11.422484
20/01/2018 15:53:03    denoise ae result: 280.032801_14.832233
20/01/2018 15:55:00    bi-lstm result: 184.277147_10.777677
20/01/2018 15:56:04    lstm result: 139.393867_8.730934
20/01/2018 15:56:10    cnn result: 347.603806_15.310532
20/01/2018 15:56:10 conducting exp. on dataset: c4
20/01/2018 15:56:10    linear svr result: 248.874136_13.735667
20/01/2018 15:56:10    rbf svr result: 402.926165_17.628641
20/01/2018 15:56:11    randomforest  result: 283.960179_14.272803
20/01/2018 15:56:15    neural network result: 150.680518_9.718460
20/01/2018 15:56:23    normal ae result: 223.400641_12.527066
20/01/2018 15:56:32    denoise ae result: 308.868940_15.694668
20/01/2018 15:58:26    bi-lstm result: 141.376318_8.433995
20/01/2018 15:59:30    lstm result: 124.385661_8.252284
20/01/2018 15:59:36    cnn result: 276.833788_13.552951
20/01/2018 15:59:36 conducting exp. on dataset: c4
20/01/2018 15:59:36    linear svr result: 248.874136_13.735667
20/01/2018 15:59:36    rbf svr result: 402.926165_17.628641
20/01/2018 15:59:37    randomforest  result: 302.920501_14.497374
20/01/2018 15:59:41    neural network result: 257.217909_14.082640
20/01/2018 15:59:51    normal ae result: 152.542321_9.754828
20/01/2018 16:00:02    denoise ae result: 134.214159_8.376791
20/01/2018 16:01:55    bi-lstm result: 250.431649_13.260536
20/01/2018 16:03:00    lstm result: 184.073517_10.461619
20/01/2018 16:03:06    cnn result: 186.826205_11.275466
20/01/2018 16:03:06 conducting exp. on dataset: c4
20/01/2018 16:03:06    linear svr result: 248.874136_13.735667
20/01/2018 16:03:06    rbf svr result: 402.926165_17.628641
20/01/2018 16:03:07    randomforest  result: 287.887194_14.246548
20/01/2018 16:03:12    neural network result: 255.604342_14.087370
20/01/2018 16:03:24    normal ae result: 147.058444_9.870275
20/01/2018 16:03:36    denoise ae result: 161.978008_10.243787
